<?xml version="1.0" encoding="UTF-8"?>
<!-- Generated by org.testng.reporters.JUnitReportReporter -->
<testsuite hostname="DESKTOP-8TU8CDR" name="com.veerendra.testng.examples.loadtest.TestMultiples" tests="2" failures="0" timestamp="6 Aug 2018 03:04:14 GMT" time="8.851" errors="0">
  <testcase name="loadTestNorthernTrust" time="5.734" classname="com.veerendra.testng.examples.loadtest.TestMultiples"/>
  <testcase name="loadTestGoogle" time="3.117" classname="com.veerendra.testng.examples.loadtest.TestMultiples"/>
</testsuite> <!-- com.veerendra.testng.examples.loadtest.TestMultiples -->
