<?xml version="1.0" encoding="UTF-8"?>
<!-- Generated by org.testng.reporters.JUnitReportReporter -->
<testsuite hostname="DESKTOP-8TU8CDR" name="com.veerendra.testng.examples.loadtest.TestMultiples2" tests="1" failures="0" timestamp="7 Aug 2018 03:45:50 GMT" time="7.538" errors="0">
  <testcase name="loadTestNorthernTrust" time="7.538" classname="com.veerendra.testng.examples.loadtest.TestMultiples2"/>
</testsuite> <!-- com.veerendra.testng.examples.loadtest.TestMultiples2 -->
