<?xml version="1.0" encoding="UTF-8"?>
<!-- Generated by org.testng.reporters.JUnitReportReporter -->
<testsuite hostname="DESKTOP-8TU8CDR" name="com.veerendra.testng.examples.loadtest.TestMultiples" tests="2" failures="0" timestamp="6 Aug 2018 02:36:52 GMT" time="29.131" errors="0">
  <testcase name="loadTestNorthernTrust" time="26.547" classname="com.veerendra.testng.examples.loadtest.TestMultiples"/>
  <testcase name="loadTestGoogle" time="2.584" classname="com.veerendra.testng.examples.loadtest.TestMultiples"/>
</testsuite> <!-- com.veerendra.testng.examples.loadtest.TestMultiples -->
