<?xml version="1.0" encoding="UTF-8"?>
<!-- Generated by org.testng.reporters.JUnitReportReporter -->
<testsuite hostname="DESKTOP-8TU8CDR" name="com.veerendra.testng.examples.google.TestMultiples" tests="1" failures="0" timestamp="7 Aug 2018 03:45:31 GMT" time="2.865" errors="0">
  <testcase name="loadTestGoogle" time="2.865" classname="com.veerendra.testng.examples.google.TestMultiples"/>
</testsuite> <!-- com.veerendra.testng.examples.google.TestMultiples -->
