<?xml version="1.0" encoding="UTF-8"?>
<!-- Generated by org.testng.reporters.JUnitReportReporter -->
<testsuite skipped="0" hostname="SAL-MAlfonso" name="com.veerendra.testng.examples.loadtest.TestMultiples2" tests="1" failures="0" timestamp="07 Aug 2018 15:01:48 GMT" time="5.304" errors="0">
  <testcase name="loadTestNorthernTrust" time="5.304" classname="com.veerendra.testng.examples.loadtest.TestMultiples2"/>
</testsuite> <!-- com.veerendra.testng.examples.loadtest.TestMultiples2 -->
