<?xml version="1.0" encoding="UTF-8"?>
<!-- Generated by org.testng.reporters.JUnitReportReporter -->
<testsuite skipped="0" hostname="DESKTOP-8TU8CDR" name="com.veerendra.testng.examples.loadtest.TestMultiples2" tests="1" failures="0" timestamp="07 Aug 2018 03:54:59 GMT" time="7.862" errors="0">
  <testcase name="loadTestNorthernTrust" time="7.862" classname="com.veerendra.testng.examples.loadtest.TestMultiples2"/>
</testsuite> <!-- com.veerendra.testng.examples.loadtest.TestMultiples2 -->
